** Title: // Generated for: spectre
** Netlist: switch_resistance.scs
** Date: 11:46:57 PM, Sat Apr 27, 2024
** Analysis: ac_test
** Temperature: 27
** Tnom: 27
        nfin mag( V(Vi) ) 
          10     12.84521 
          11     11.74088 
          12     10.82516 
          13     10.04854 
          14      9.38621 
          15     8.810334 
          16     8.309313 
          17     7.865221 
          18     7.473162 
          19     7.120193 
          20     6.805161 
          21     6.517797 
          22     6.259208 
          23     6.020632 
          24     5.804624 
          25     5.603303 
          26     5.420203 
          27     5.247967 
          28     5.090818 
          29     4.941716 
          30     4.805388 
          31     4.674987 
          32     4.555616 
          33     4.440543 
          34     4.335162 
          35     4.232806 
          36       4.1391 
          37     4.047411 
          38     3.963547 
          39     3.880891 
          40     3.805401 
          41     3.730461 
          42     3.662152 
          43     3.593854 
          44     3.531752 
          45     3.469212 
          46      3.41251 
          47     3.354996 
          48     3.303021 
          49     3.249918 
          50     3.202105 



